2025-06-04T09:28:32+00:00 DEBUG POST: https://ads.tiktok.com/marketing_api/api/developer/app/create_auto_approve/

{"business_platform":"PROD","smb_id":"tt4b_woocommerce_684011c0a5fe0httpwordpresswp-admin","smb_name":"PROD","redirect_url":"http:\/\/wordpress\/wp-admin\/"}
 ajax: no
2025-06-04T09:28:33+00:00 DEBUG Tt4b_Mapi_Class::create_open_source_app: Response: 

HTTP/1.1 200 OK
Content-Type: application/json
Content-Length: 38
X-Tt-Logid: 20250604092831FCF3AD092FFF7E2D28B2,20250604092831FCF3AD092FFF7E2D28B2
Strict-Transport-Security: max-age=31536000; includeSubDomains
x-tt-trace-host: 01298823cf869a8992e333f97d8f97cf5cffa774b833b11d7c7734eb9123bec37f1646dd3b2821f4bc4ce02edfba9e4cba43f14d9f42d090ea080640acf4288b3a08ca3f8bb95dec48964ccf3b97e9ce9ca2413cbb6adf2b811a3b704f5e1e98a5ddb6def7191ea384ffcd3cbf68a334df
x-tt-trace-id: 00-250604092831FCF3AD092FFF7E2D28B2-539BE60971862A8E-00
Server: TLB
X-Origin-Response-Time: 97,23.193.164.205
X-Akamai-Request-ID: a459e90.4921beb3
Date: Wed, 04 Jun 2025 09:28:33 GMT
X-Cache: TCP_MISS from a96-16-54-183.deploy.akamaitechnologies.com (AkamaiGHost/22.1.3-8650e75996d06b9eb43c0a748c733ac2) (-)
Connection: close
X-Cache-Remote: TCP_MISS from a23-193-164-205.deploy.akamaitechnologies.com (AkamaiGHost/22.1.3-8650e75996d06b9eb43c0a748c733ac2) (-)
x-tt-trace-tag: id=16;cdn-cache=miss;type=dyn
Server-Timing: cdn-cache; desc=MISS, edge; dur=174, origin; dur=97
Server-Timing: inner; dur=92
X-Parent-Response-Time: 269,96.16.54.183

{"code":40000,"msg":"Parameter error"}
2025-06-04T09:34:47+00:00 DEBUG Tt4b_Pixel_Class::inject_view_content_event: hit ViewContent
2025-06-04T09:34:47+00:00 DEBUG Tt4b_Pixel_Class::inject_view_content_event: Missing option "access_token"
2025-06-04T09:43:25+00:00 DEBUG Tt4b_Pixel_Class::inject_view_content_event: hit ViewContent
2025-06-04T09:43:25+00:00 DEBUG Tt4b_Pixel_Class::inject_view_content_event: Missing option "access_token"
2025-06-04T09:43:50+00:00 DEBUG Tt4b_Pixel_Class::inject_view_content_event: hit ViewContent
2025-06-04T09:43:50+00:00 DEBUG Tt4b_Pixel_Class::inject_view_content_event: Missing option "access_token"
2025-06-04T09:43:55+00:00 DEBUG Tt4b_Pixel_Class::inject_view_content_event: hit ViewContent
2025-06-04T09:43:55+00:00 DEBUG Tt4b_Pixel_Class::inject_view_content_event: Missing option "access_token"
2025-06-04T09:44:08+00:00 DEBUG Tt4b_Pixel_Class::inject_view_content_event: hit ViewContent
2025-06-04T09:44:08+00:00 DEBUG Tt4b_Pixel_Class::inject_view_content_event: Missing option "access_token"
2025-06-04T09:46:50+00:00 DEBUG Tt4b_Pixel_Class::inject_view_content_event: hit ViewContent
2025-06-04T09:46:50+00:00 DEBUG Tt4b_Pixel_Class::inject_view_content_event: Missing option "access_token"
2025-06-04T09:47:01+00:00 DEBUG Tt4b_Pixel_Class::inject_view_content_event: hit ViewContent
2025-06-04T09:47:01+00:00 DEBUG Tt4b_Pixel_Class::inject_view_content_event: Missing option "access_token"
2025-06-04T09:47:17+00:00 DEBUG Tt4b_Pixel_Class::inject_view_content_event: hit ViewContent
2025-06-04T09:47:17+00:00 DEBUG Tt4b_Pixel_Class::inject_view_content_event: Missing option "access_token"
2025-06-04T09:47:29+00:00 DEBUG Tt4b_Pixel_Class::inject_view_content_event: hit ViewContent
2025-06-04T09:47:29+00:00 DEBUG Tt4b_Pixel_Class::inject_view_content_event: Missing option "access_token"
2025-06-04T09:47:59+00:00 DEBUG Tt4b_Pixel_Class::inject_view_content_event: hit ViewContent
2025-06-04T09:47:59+00:00 DEBUG Tt4b_Pixel_Class::inject_view_content_event: Missing option "access_token"
2025-06-04T09:48:04+00:00 DEBUG Tt4b_Pixel_Class::inject_view_content_event: hit ViewContent
2025-06-04T09:48:04+00:00 DEBUG Tt4b_Pixel_Class::inject_view_content_event: Missing option "access_token"
2025-06-04T09:48:24+00:00 DEBUG Tt4b_Pixel_Class::inject_view_content_event: hit ViewContent
2025-06-04T09:48:24+00:00 DEBUG Tt4b_Pixel_Class::inject_view_content_event: Missing option "access_token"
2025-06-04T09:48:29+00:00 DEBUG Tt4b_Pixel_Class::inject_view_content_event: hit ViewContent
2025-06-04T09:48:29+00:00 DEBUG Tt4b_Pixel_Class::inject_view_content_event: Missing option "access_token"
2025-06-04T09:52:45+00:00 DEBUG POST: https://business-api.tiktok.com/tbp/v2.0/business_profile/disconnect?external_data=

{"business_platform":"WOO_COMMERCE","external_business_id":"tt4b_woocommerce_684011c0a5fe0"}
 ajax: no
2025-06-04T09:52:45+00:00 DEBUG Tt4b_Mapi_Class::tbp_post: Response: 

HTTP/1.1 200 OK
Content-Type: application/json; charset=utf-8
Content-Length: 95
X-Api-Deprecation-Info: API for Business Version 1.3 is now live. To avoid disruption to your business, we recommend you migrate all calls to v1.3 as soon as possible. Please visit our migration guide for more details: https://ads.tiktok.com/marketing_api/docs?id=1740029169927169
X-Domain-Change-Info: We have moved to the new domain business-api.tiktok.com for API services after the Platform Upgrade on 09/30/2021. Please update all of your requests with the new domain if you haven't done so already. For more information, please visit https://ads.tiktok.com/marketing_api/docs?rid=esb88xalm6m&id=1709207085043713
X-Tt-Logid: 2025060409524434762B019D1C2C2C0EB0
x-tt-trace-host: 01298823cf869a8992e333f97d8f97cf5c6e0789d991a2c128ea2d664d0ac354234f4c218c801ce7c40bde27eaf9196e684279e1252e328d0114cf25af5116e4290451b98d01b890a356c0fc462f3c9268988e3cfc45b9b9f2fe8090e4b2892a91d840eb90168807e42b79df3158ceefad
x-tt-trace-id: 00-25060409524434762B019D1C2C2C0EB0-4BEFFB3711849A8E-00
Server: TLB
X-Origin-Response-Time: 14,184.85.101.155
X-Akamai-Request-ID: 506ea4ee.3b5e3c5
Expires: Wed, 04 Jun 2025 09:52:45 GMT
Cache-Control: max-age=0, no-cache, no-store
Pragma: no-cache
Date: Wed, 04 Jun 2025 09:52:45 GMT
X-Cache: TCP_MISS from a96-17-105-215.deploy.akamaitechnologies.com (AkamaiGHost/22.1.3-3f9e981ebbcef7152f4c0c8abb8541d4) (-)
Connection: close
X-Cache-Remote: TCP_MISS from a184-85-101-155.deploy.akamaitechnologies.com (AkamaiGHost/22.1.3-3f9e981ebbcef7152f4c0c8abb8541d4) (-)
x-tt-trace-tag: id=16;cdn-cache=miss;type=dyn
Server-Timing: cdn-cache; desc=MISS, edge; dur=173, origin; dur=14
Server-Timing: inner; dur=10
X-Parent-Response-Time: 175,96.17.105.215

{"code":40001,"message":"Permission denied.","request_id":"2025060409524434762B019D1C2C2C0EB0"}
2025-06-04T09:52:45+00:00 DEBUG POST: https://business-api.tiktok.com/tbp/v2.0/shop/connection/disconnect?external_data=

--- EMPTY STRING ---
 ajax: no
2025-06-04T09:52:46+00:00 DEBUG Tt4b_Mapi_Class::tts_shop_disconnect: Response: 

HTTP/1.1 200 OK
Content-Type: application/json; charset=utf-8
Content-Length: 95
X-Api-Deprecation-Info: API for Business Version 1.3 is now live. To avoid disruption to your business, we recommend you migrate all calls to v1.3 as soon as possible. Please visit our migration guide for more details: https://ads.tiktok.com/marketing_api/docs?id=1740029169927169
X-Domain-Change-Info: We have moved to the new domain business-api.tiktok.com for API services after the Platform Upgrade on 09/30/2021. Please update all of your requests with the new domain if you haven't done so already. For more information, please visit https://ads.tiktok.com/marketing_api/docs?rid=esb88xalm6m&id=1709207085043713
X-Tt-Logid: 202506040952453EF0C413EEEA9C2AB6C4
x-tt-trace-host: 01298823cf869a8992e333f97d8f97cf5c78f40f6ebf40c71c8fda9fa7e332534f136135330287bfc781d4064811611a145511f9018ffd87bdadc14172e748e4de17d8b10e3aeee933fdcecc57b5260dde22cd1a5c56731d801e5f4e1d29c23d325416e7ca1bee12c374ec855ec96854d7
x-tt-trace-id: 00-2506040952453EF0C413EEEA9C2AB6C4-10CF57992D61CCF5-00
Server: TLB
X-Origin-Response-Time: 15,184.85.101.81
X-Akamai-Request-ID: 5e0bb838.2529f11e
Expires: Wed, 04 Jun 2025 09:52:46 GMT
Cache-Control: max-age=0, no-cache, no-store
Pragma: no-cache
Date: Wed, 04 Jun 2025 09:52:46 GMT
X-Cache: TCP_MISS from a2-16-121-68.deploy.akamaitechnologies.com (AkamaiGHost/22.1.3-3f9e981ebbcef7152f4c0c8abb8541d4) (-)
Connection: close
X-Cache-Remote: TCP_MISS from a184-85-101-81.deploy.akamaitechnologies.com (AkamaiGHost/22.1.3-3f9e981ebbcef7152f4c0c8abb8541d4) (-)
x-tt-trace-tag: id=16;cdn-cache=miss;type=dyn
Server-Timing: cdn-cache; desc=MISS, edge; dur=160, origin; dur=14
Server-Timing: inner; dur=5
X-Parent-Response-Time: 170,2.16.121.68

{"code":40001,"message":"Permission denied.","request_id":"202506040952453EF0C413EEEA9C2AB6C4"}
